<?xml version="1.0" encoding="UTF-8"?>
<!-- Generated by org.testng.reporters.JUnitXMLReporter -->
<testsuite hostname="DESKTOP-5DG31F1" ignored="0" name="Command line test" tests="6" failures="0" timestamp="2019-07-16T22:37:08 EDT" time="0.116" errors="0">
  <testcase name="IOSApps" time="0.014" classname="qaclickacademy.AppiumTest"/>
  <testcase name="NativeAPPAndroid" time="0.0" classname="qaclickacademy.AppiumTest"/>
  <testcase name="deleteTwitter" time="0.005" classname="qaclickacademy.RESTAPITest"/>
  <testcase name="postJira" time="0.001" classname="qaclickacademy.RESTAPITest"/>
  <testcase name="BrowserAutomation" time="0.001" classname="qaclickacademy.SeleniumTest"/>
  <testcase name="elementsUI" time="0.003" classname="qaclickacademy.SeleniumTest"/>
</testsuite> <!-- Command line test -->
