<?xml version="1.0" encoding="UTF-8"?>
<!-- Generated by org.testng.reporters.JUnitXMLReporter -->
<testsuite hostname="DESKTOP-5DG31F1" ignored="0" name="Test" tests="4" failures="0" timestamp="2019-07-17T10:04:17 EDT" time="0.129" errors="0">
  <testcase name="BrowserAutomation" time="0.033" classname="qaclickacademy.SeleniumTest"/>
  <testcase name="elementsUI" time="0.0" classname="qaclickacademy.SeleniumTest"/>
  <testcase name="deleteTwitter" time="0.0" classname="qaclickacademy.RESTAPITest"/>
  <testcase name="postJira" time="0.001" classname="qaclickacademy.RESTAPITest"/>
</testsuite> <!-- Test -->
