<?xml version="1.0" encoding="UTF-8"?>
<testng-results skipped="0" failed="0" ignored="0" total="4" passed="4">
  <reporter-output>
  </reporter-output>
  <suite name="Suite" duration-ms="129" started-at="2019-07-17T10:04:17 EDT" finished-at="2019-07-17T10:04:17 EDT">
    <groups>
    </groups>
    <test name="Test" duration-ms="129" started-at="2019-07-17T10:04:17 EDT" finished-at="2019-07-17T10:04:17 EDT">
      <class name="qaclickacademy.RESTAPITest">
        <test-method status="PASS" signature="deleteTwitter()[pri:0, instance:qaclickacademy.RESTAPITest@617faa95]" name="deleteTwitter" duration-ms="0" started-at="2019-07-17T10:04:17 EDT" finished-at="2019-07-17T10:04:17 EDT">
          <reporter-output>
          </reporter-output>
        </test-method> <!-- deleteTwitter -->
        <test-method status="PASS" signature="postJira()[pri:0, instance:qaclickacademy.RESTAPITest@617faa95]" name="postJira" duration-ms="1" started-at="2019-07-17T10:04:17 EDT" finished-at="2019-07-17T10:04:17 EDT">
          <reporter-output>
          </reporter-output>
        </test-method> <!-- postJira -->
      </class> <!-- qaclickacademy.RESTAPITest -->
      <class name="qaclickacademy.SeleniumTest">
        <test-method status="PASS" signature="BrowserAutomation()[pri:0, instance:qaclickacademy.SeleniumTest@7e0b0338]" name="BrowserAutomation" duration-ms="33" started-at="2019-07-17T10:04:17 EDT" finished-at="2019-07-17T10:04:17 EDT">
          <reporter-output>
          </reporter-output>
        </test-method> <!-- BrowserAutomation -->
        <test-method status="PASS" signature="elementsUI()[pri:0, instance:qaclickacademy.SeleniumTest@7e0b0338]" name="elementsUI" duration-ms="0" started-at="2019-07-17T10:04:17 EDT" finished-at="2019-07-17T10:04:17 EDT">
          <reporter-output>
          </reporter-output>
        </test-method> <!-- elementsUI -->
      </class> <!-- qaclickacademy.SeleniumTest -->
    </test> <!-- Test -->
  </suite> <!-- Suite -->
</testng-results>
